#
# A fatal error has been detected by the Java Runtime Environment:
#
#  EXCEPTION_ACCESS_VIOLATION (0xc0000005) at pc=0x00007ffd37016495, pid=8848, tid=3732
#
# JRE version: OpenJDK Runtime Environment (11.0.13) (build 11.0.13+0-b1751.21-8125866)
# Java VM: OpenJDK 64-Bit Server VM (11.0.13+0-b1751.21-8125866, mixed mode, tiered, compressed oops, g1 gc, windows-amd64)
# Problematic frame:
# V  [jvm.dll+0x116495]
#
# No core dump will be written. Minidumps are not enabled by default on client versions of Windows
#
# If you would like to submit a bug report, please visit:
#   https://bugreport.java.com/bugreport/crash.jsp
#

---------------  S U M M A R Y ------------

Command Line: --add-opens=java.base/java.util=ALL-UNNAMED --add-opens=java.base/java.lang=ALL-UNNAMED --add-opens=java.base/java.lang.invoke=ALL-UNNAMED --add-opens=java.base/java.util=ALL-UNNAMED --add-opens=java.prefs/java.util.prefs=ALL-UNNAMED --add-opens=java.prefs/java.util.prefs=ALL-UNNAMED --add-opens=java.base/java.nio.charset=ALL-UNNAMED --add-opens=java.base/java.net=ALL-UNNAMED --add-opens=java.base/java.util.concurrent.atomic=ALL-UNNAMED -Xmx2048m -Dfile.encoding=UTF-8 -Duser.country=MX -Duser.language=es -Duser.variant org.gradle.launcher.daemon.bootstrap.GradleDaemon 7.4

Host: Intel(R) Core(TM) i3-8145U CPU @ 2.10GHz, 4 cores, 7G,  Windows 11 , 64 bit Build 22000 (10.0.22000.708)
Time: Tue Nov  1 02:43:40 2022 Hora estándar central (México) elapsed time: 4.631640 seconds (0d 0h 0m 4s)

---------------  T H R E A D  ---------------

Current thread (0x0000027da1c46800):  JavaThread "C2 CompilerThread0" daemon [_thread_in_native, id=3732, stack(0x000000abf3a00000,0x000000abf3b00000)]


Current CompileTask:
C2:   4631 2165   !   4       java.net.URLClassLoader$1::run (81 bytes)

Stack: [0x000000abf3a00000,0x000000abf3b00000],  sp=0x000000abf3afc2b0,  free space=1008k
Native frames: (J=compiled Java code, j=interpreted, Vv=VM code, C=native code)
V  [jvm.dll+0x116495]
V  [jvm.dll+0x1dddfd]
V  [jvm.dll+0x1ddee6]
V  [jvm.dll+0x19d835]
V  [jvm.dll+0x2033be]
V  [jvm.dll+0x202437]
V  [jvm.dll+0x188e01]
V  [jvm.dll+0x21106b]
V  [jvm.dll+0x20f8c1]
V  [jvm.dll+0x70de0f]
V  [jvm.dll+0x706a75]
V  [jvm.dll+0x60ed66]
C  [ucrtbase.dll+0x26c0c]
C  [KERNEL32.DLL+0x154e0]
C  [ntdll.dll+0x485b]


siginfo: EXCEPTION_ACCESS_VIOLATION (0xc0000005), reading address 0x000000000000002c


Register to memory mapping:

RIP=0x00007ffd37016495 jvm.dll
RAX=0x000000abf3afc730 is pointing into the stack for thread: 0x0000027da1c46800
RBX=0x0000027da3a4f930 points into unknown readable memory: 0x0000027da37b77c0 | c0 77 7b a3 7d 02 00 00
RCX=0x000000abf3afc730 is pointing into the stack for thread: 0x0000027da1c46800
RDX=0x0 is NULL
RSP=0x000000abf3afc2b0 is pointing into the stack for thread: 0x0000027da1c46800
RBP=0x000000abf3afc540 is pointing into the stack for thread: 0x0000027da1c46800
RSI=0x0000027da3a4f930 points into unknown readable memory: 0x0000027da37b77c0 | c0 77 7b a3 7d 02 00 00
RDI=0x0000000000000086 is an unknown value
R8 =0x00007ffd3772f5d8 jvm.dll
R9 =0x0000000000000004 is an unknown value
R10=0x0000027da7b6eee0 points into unknown readable memory: 0x0000027da5e7dff0 | f0 df e7 a5 7d 02 00 00
R11=0x0000000000000001 is an unknown value
R12=0x00000000000003d8 is an unknown value
R13=0x000000abf3afc730 is pointing into the stack for thread: 0x0000027da1c46800
R14=0x0 is NULL
R15=0x0000027da513a010 points into unknown readable memory: 0x0000027da8899040 | 40 90 89 a8 7d 02 00 00


Registers:
RAX=0x000000abf3afc730, RBX=0x0000027da3a4f930, RCX=0x000000abf3afc730, RDX=0x0000000000000000
RSP=0x000000abf3afc2b0, RBP=0x000000abf3afc540, RSI=0x0000027da3a4f930, RDI=0x0000000000000086
R8 =0x00007ffd3772f5d8, R9 =0x0000000000000004, R10=0x0000027da7b6eee0, R11=0x0000000000000001
R12=0x00000000000003d8, R13=0x000000abf3afc730, R14=0x0000000000000000, R15=0x0000027da513a010
RIP=0x00007ffd37016495, EFLAGS=0x0000000000010246

Top of Stack: (sp=0x000000abf3afc2b0)
0x000000abf3afc2b0:   0000000000000000 00007ffd37263cf8
0x000000abf3afc2c0:   0000027da513a010 0000000000000005
0x000000abf3afc2d0:   0000000000000000 0000000000000000
0x000000abf3afc2e0:   0000027da513a020 0000000000000008
0x000000abf3afc2f0:   000000abf3afc540 00007ffd370dddfd
0x000000abf3afc300:   000000abf3afc540 0000027da37b7318
0x000000abf3afc310:   0000000000000085 0000027da513a010
0x000000abf3afc320:   00007ffd00000005 00007ffd37102d32
0x000000abf3afc330:   000000abf3afc8b8 00007ffd370ddee6
0x000000abf3afc340:   000000abf3afc540 0000000000000085
0x000000abf3afc350:   0000027da513a020 000000abf3afc470
0x000000abf3afc360:   0000000000000000 00007ffd3709d835
0x000000abf3afc370:   000000abf3afc7d0 000000abf3afc7d0
0x000000abf3afc380:   00000000000003d8 0000027da513a020
0x000000abf3afc390:   000000000000b700 0000000000000000
0x000000abf3afc3a0:   000000ab00000006 0000027da513a010 

Instructions: (pc=0x00007ffd37016495)
0x00007ffd37016395:   8b 08 eb 03 49 8b c9 80 79 2c e0 0f 84 c2 00 00
0x00007ffd370163a5:   00 45 39 48 18 76 09 49 8b 40 20 48 8b 08 eb 03
0x00007ffd370163b5:   49 8b c9 8b 41 2c 83 e0 0f 3c 09 0f 84 a2 00 00
0x00007ffd370163c5:   00 41 8b 50 28 ff ca 48 89 1c 24 bb 02 00 00 00
0x00007ffd370163d5:   85 d2 7e 25 41 3b 50 18 73 0a 49 8b 40 20 4c 8b
0x00007ffd370163e5:   14 d0 eb 03 4d 8b d1 41 8b 42 2c 83 e0 3f 3c 2a
0x00007ffd370163f5:   75 07 bb 01 00 00 00 ff ca 45 39 48 18 76 09 49
0x00007ffd37016405:   8b 40 20 48 8b 08 eb 03 49 8b c9 83 79 18 01 77
0x00007ffd37016415:   0b 8b c3 48 8b 1c 24 48 83 c4 08 c3 48 63 ca 85
0x00007ffd37016425:   d2 7e 30 45 8b 58 18 0f 1f 40 00 41 3b d3 73 0a
0x00007ffd37016435:   49 8b 40 20 4c 8b 14 c8 eb 03 4d 8b d1 41 8b 42
0x00007ffd37016445:   2c 24 03 3c 02 74 0a ff ca 48 ff c9 48 85 c9 7f
0x00007ffd37016455:   da 85 d2 44 0f 44 cb 48 8b 1c 24 41 8b c1 48 83
0x00007ffd37016465:   c4 08 c3 33 c0 48 83 c4 08 c3 cc 40 53 41 55 41
0x00007ffd37016475:   56 48 83 ec 30 45 33 f6 48 8b da 4c 8b e9 44 39
0x00007ffd37016485:   72 18 76 09 48 8b 42 20 48 8b 10 eb 03 49 8b d6
0x00007ffd37016495:   80 7a 2c e0 0f 84 ac 02 00 00 44 39 73 18 76 09
0x00007ffd370164a5:   48 8b 43 20 48 8b 08 eb 03 49 8b ce 8b 41 2c 83
0x00007ffd370164b5:   e0 0f 3c 09 0f 84 8c 02 00 00 0f 29 74 24 20 f2
0x00007ffd370164c5:   0f 10 35 b4 c9 6f 00 66 0f 2f 73 08 77 0c 48 8b
0x00007ffd370164d5:   cb e8 55 f9 ff ff 84 c0 74 11 b0 01 0f 28 74 24
0x00007ffd370164e5:   20 48 83 c4 30 41 5e 41 5d 5b c3 48 89 6c 24 50
0x00007ffd370164f5:   48 8b cb 48 89 74 24 58 41 8b ee 48 89 7c 24 60
0x00007ffd37016505:   41 8b f6 4c 89 7c 24 68 41 8b fe e8 9b 07 00 00
0x00007ffd37016515:   41 bf 01 00 00 00 44 8b d8 41 3b c7 0f 86 c8 01
0x00007ffd37016525:   00 00 f2 0f 10 1d 59 c9 6f 00 8d 48 ff f2 0f 10
0x00007ffd37016535:   15 36 c9 6f 00 83 f9 04 0f 82 3f 01 00 00 4d 8b
0x00007ffd37016545:   4d 78 45 8d 47 07 8b 53 18 83 c0 fb c1 e8 02 ff
0x00007ffd37016555:   c0 44 8b d0 44 8d 3c 85 01 00 00 00 85 d2 74 09
0x00007ffd37016565:   48 8b 43 20 48 8b 00 eb 03 49 8b c6 48 8b 40 08
0x00007ffd37016575:   4a 8b 0c 00 8b 41 28 49 8b 0c c1 f2 0f 10 49 08
0x00007ffd37016585:   0f 28 c1 f2 0f 59 c3 66 0f 2f f0 76 04 ff c6 eb 


Stack slot to memory mapping:
stack at sp + 0 slots: 0x0 is NULL
stack at sp + 1 slots: 0x00007ffd37263cf8 jvm.dll
stack at sp + 2 slots: 0x0000027da513a010 points into unknown readable memory: 0x0000027da8899040 | 40 90 89 a8 7d 02 00 00
stack at sp + 3 slots: 0x0000000000000005 is an unknown value
stack at sp + 4 slots: 0x0 is NULL
stack at sp + 5 slots: 0x0 is NULL
stack at sp + 6 slots: 0x0000027da513a020 points into unknown readable memory: 0x00007ffd37798fa8 | a8 8f 79 37 fd 7f 00 00
stack at sp + 7 slots: 0x0000000000000008 is an unknown value


---------------  P R O C E S S  ---------------

Threads class SMR info:
_java_thread_list=0x0000027da66ff140, length=30, elements={
0x0000027d88010000, 0x0000027da1c23000, 0x0000027da1c2c800, 0x0000027da25e2800,
0x0000027da1c44000, 0x0000027da1c45000, 0x0000027da1c46800, 0x0000027da1c4d800,
0x0000027da1c52000, 0x0000027da2727000, 0x0000027da45be000, 0x0000027da3c1f000,
0x0000027da4d55800, 0x0000027da513c000, 0x0000027da4063800, 0x0000027da39a7800,
0x0000027da39a8800, 0x0000027da513a800, 0x0000027da45a8800, 0x0000027da45a9000,
0x0000027da4965800, 0x0000027da4967800, 0x0000027da4961800, 0x0000027da53eb800,
0x0000027da4968000, 0x0000027da4964000, 0x0000027da4966800, 0x0000027da4965000,
0x0000027da4962800, 0x0000027da4963000
}

Java Threads: ( => current thread )
  0x0000027d88010000 JavaThread "main" [_thread_blocked, id=12580, stack(0x000000abf2e00000,0x000000abf2f00000)]
  0x0000027da1c23000 JavaThread "Reference Handler" daemon [_thread_blocked, id=13568, stack(0x000000abf3500000,0x000000abf3600000)]
  0x0000027da1c2c800 JavaThread "Finalizer" daemon [_thread_blocked, id=13564, stack(0x000000abf3600000,0x000000abf3700000)]
  0x0000027da25e2800 JavaThread "Signal Dispatcher" daemon [_thread_blocked, id=5116, stack(0x000000abf3700000,0x000000abf3800000)]
  0x0000027da1c44000 JavaThread "Attach Listener" daemon [_thread_blocked, id=13316, stack(0x000000abf3800000,0x000000abf3900000)]
  0x0000027da1c45000 JavaThread "Service Thread" daemon [_thread_blocked, id=2456, stack(0x000000abf3900000,0x000000abf3a00000)]
=>0x0000027da1c46800 JavaThread "C2 CompilerThread0" daemon [_thread_in_native, id=3732, stack(0x000000abf3a00000,0x000000abf3b00000)]
  0x0000027da1c4d800 JavaThread "C1 CompilerThread0" daemon [_thread_in_native, id=11608, stack(0x000000abf3b00000,0x000000abf3c00000)]
  0x0000027da1c52000 JavaThread "Sweeper thread" daemon [_thread_blocked, id=3736, stack(0x000000abf3c00000,0x000000abf3d00000)]
  0x0000027da2727000 JavaThread "Common-Cleaner" daemon [_thread_blocked, id=12412, stack(0x000000abf3d00000,0x000000abf3e00000)]
  0x0000027da45be000 JavaThread "Daemon health stats" [_thread_blocked, id=1424, stack(0x000000abf4200000,0x000000abf4300000)]
  0x0000027da3c1f000 JavaThread "Incoming local TCP Connector on port 64834" [_thread_in_native, id=1256, stack(0x000000abf3f00000,0x000000abf4000000)]
  0x0000027da4d55800 JavaThread "Daemon periodic checks" [_thread_blocked, id=3780, stack(0x000000abf4300000,0x000000abf4400000)]
  0x0000027da513c000 JavaThread "Daemon" [_thread_blocked, id=11256, stack(0x000000abf4400000,0x000000abf4500000)]
  0x0000027da4063800 JavaThread "Handler for socket connection from /127.0.0.1:64834 to /127.0.0.1:64835" [_thread_in_native, id=2180, stack(0x000000abf4500000,0x000000abf4600000)]
  0x0000027da39a7800 JavaThread "Cancel handler" [_thread_blocked, id=7276, stack(0x000000abf4700000,0x000000abf4800000)]
  0x0000027da39a8800 JavaThread "Daemon worker" [_thread_in_Java, id=13728, stack(0x000000abf4800000,0x000000abf4900000)]
  0x0000027da513a800 JavaThread "Asynchronous log dispatcher for DefaultDaemonConnection: socket connection from /127.0.0.1:64834 to /127.0.0.1:64835" [_thread_blocked, id=13152, stack(0x000000abf4900000,0x000000abf4a00000)]
  0x0000027da45a8800 JavaThread "Stdin handler" [_thread_blocked, id=9928, stack(0x000000abf4a00000,0x000000abf4b00000)]
  0x0000027da45a9000 JavaThread "Daemon client event forwarder" [_thread_blocked, id=12468, stack(0x000000abf4b00000,0x000000abf4c00000)]
  0x0000027da4965800 JavaThread "Cache worker for journal cache (C:\Users\Plays\.gradle\caches\journal-1)" [_thread_blocked, id=2792, stack(0x000000abf4c00000,0x000000abf4d00000)]
  0x0000027da4967800 JavaThread "File lock request listener" [_thread_in_native, id=12500, stack(0x000000abf4d00000,0x000000abf4e00000)]
  0x0000027da4961800 JavaThread "Cache worker for file hash cache (C:\Users\Plays\.gradle\caches\7.4\fileHashes)" [_thread_blocked, id=12344, stack(0x000000abf4e00000,0x000000abf4f00000)]
  0x0000027da53eb800 JavaThread "C2 CompilerThread1" daemon [_thread_in_native, id=1340, stack(0x000000abf4f00000,0x000000abf5000000)]
  0x0000027da4968000 JavaThread "File watcher server" daemon [_thread_in_native, id=12276, stack(0x000000abf5000000,0x000000abf5100000)]
  0x0000027da4964000 JavaThread "File watcher consumer" daemon [_thread_blocked, id=12996, stack(0x000000abf5100000,0x000000abf5200000)]
  0x0000027da4966800 JavaThread "jar transforms" [_thread_blocked, id=12784, stack(0x000000abf5200000,0x000000abf5300000)]
  0x0000027da4965000 JavaThread "jar transforms Thread 2" [_thread_blocked, id=9384, stack(0x000000abf5300000,0x000000abf5400000)]
  0x0000027da4962800 JavaThread "jar transforms Thread 3" [_thread_blocked, id=8252, stack(0x000000abf5400000,0x000000abf5500000)]
  0x0000027da4963000 JavaThread "jar transforms Thread 4" [_thread_blocked, id=5600, stack(0x000000abf5500000,0x000000abf5600000)]

Other Threads:
  0x0000027da1c1f000 VMThread "VM Thread" [stack: 0x000000abf3400000,0x000000abf3500000] [id=13396]
  0x0000027da2756000 WatcherThread [stack: 0x000000abf3e00000,0x000000abf3f00000] [id=5548]
  0x0000027d88029000 GCTaskThread "GC Thread#0" [stack: 0x000000abf2f00000,0x000000abf3000000] [id=14228]
  0x0000027da2895000 GCTaskThread "GC Thread#1" [stack: 0x000000abf4000000,0x000000abf4100000] [id=12732]
  0x0000027da30f9000 GCTaskThread "GC Thread#2" [stack: 0x000000abf4100000,0x000000abf4200000] [id=13368]
  0x0000027da4fd4000 GCTaskThread "GC Thread#3" [stack: 0x000000abf4600000,0x000000abf4700000] [id=11636]
  0x0000027d88059000 ConcurrentGCThread "G1 Main Marker" [stack: 0x000000abf3000000,0x000000abf3100000] [id=8228]
  0x0000027d8805b800 ConcurrentGCThread "G1 Conc#0" [stack: 0x000000abf3100000,0x000000abf3200000] [id=3740]
  0x0000027d880eb800 ConcurrentGCThread "G1 Refine#0" [stack: 0x000000abf3200000,0x000000abf3300000] [id=2312]
  0x0000027da1a70800 ConcurrentGCThread "G1 Young RemSet Sampling" [stack: 0x000000abf3300000,0x000000abf3400000] [id=13124]

Threads with active compile tasks:
C2 CompilerThread0   4685 2165   !   4       java.net.URLClassLoader$1::run (81 bytes)
C1 CompilerThread0   4685 2373       3       java.util.zip.ZipFile$Source::initCEN (697 bytes)
C2 CompilerThread1   4685 2166       4       java.net.URLClassLoader$1::run (5 bytes)

VM state:not at safepoint (normal execution)

VM Mutex/Monitor currently owned by a thread: None

Heap address: 0x0000000080000000, size: 2048 MB, Compressed Oops mode: 32-bit
Narrow klass base: 0x0000000000000000, Narrow klass shift: 3
Compressed class space size: 1073741824 Address: 0x0000000100000000

Heap:
 garbage-first heap   total 157696K, used 33684K [0x0000000080000000, 0x0000000100000000)
  region size 1024K, 14 young (14336K), 4 survivors (4096K)
 Metaspace       used 26972K, capacity 27786K, committed 28080K, reserved 1073152K
  class space    used 3520K, capacity 3800K, committed 3840K, reserved 1048576K
Heap Regions: E=young(eden), S=young(survivor), O=old, HS=humongous(starts), HC=humongous(continues), CS=collection set, F=free, A=archive, TAMS=top-at-mark-start (previous, next)
|   0|0x0000000080000000, 0x0000000080100000, 0x0000000080100000|100%|HS|  |TAMS 0x0000000080100000, 0x0000000080000000| Complete 
|   1|0x0000000080100000, 0x0000000080200000, 0x0000000080200000|100%|HC|  |TAMS 0x0000000080200000, 0x0000000080100000| Complete 
|   2|0x0000000080200000, 0x0000000080300000, 0x0000000080300000|100%|HC|  |TAMS 0x0000000080300000, 0x0000000080200000| Complete 
|   3|0x0000000080300000, 0x0000000080400000, 0x0000000080400000|100%| O|  |TAMS 0x0000000080400000, 0x0000000080300000| Untracked 
|   4|0x0000000080400000, 0x0000000080500000, 0x0000000080500000|100%| O|  |TAMS 0x0000000080500000, 0x0000000080400000| Untracked 
|   5|0x0000000080500000, 0x0000000080600000, 0x0000000080600000|100%| O|  |TAMS 0x0000000080600000, 0x0000000080500000| Untracked 
|   6|0x0000000080600000, 0x0000000080700000, 0x0000000080700000|100%| O|  |TAMS 0x0000000080700000, 0x0000000080600000| Untracked 
|   7|0x0000000080700000, 0x0000000080800000, 0x0000000080800000|100%| O|  |TAMS 0x0000000080800000, 0x0000000080700000| Untracked 
|   8|0x0000000080800000, 0x0000000080900000, 0x0000000080900000|100%| O|  |TAMS 0x0000000080900000, 0x0000000080800000| Untracked 
|   9|0x0000000080900000, 0x0000000080a00000, 0x0000000080a00000|100%| O|  |TAMS 0x0000000080a00000, 0x0000000080900000| Untracked 
|  10|0x0000000080a00000, 0x0000000080b00000, 0x0000000080b00000|100%| O|  |TAMS 0x0000000080b00000, 0x0000000080a00000| Untracked 
|  11|0x0000000080b00000, 0x0000000080c00000, 0x0000000080c00000|100%| O|  |TAMS 0x0000000080c00000, 0x0000000080b00000| Untracked 
|  12|0x0000000080c00000, 0x0000000080d00000, 0x0000000080d00000|100%| O|  |TAMS 0x0000000080d00000, 0x0000000080c00000| Untracked 
|  13|0x0000000080d00000, 0x0000000080e00000, 0x0000000080e00000|100%| O|  |TAMS 0x0000000080e00000, 0x0000000080d00000| Untracked 
|  14|0x0000000080e00000, 0x0000000080f00000, 0x0000000080f00000|100%| O|  |TAMS 0x0000000080f00000, 0x0000000080e00000| Untracked 
|  15|0x0000000080f00000, 0x0000000080fbea00, 0x0000000081000000| 74%| O|  |TAMS 0x0000000080fbea00, 0x0000000080f00000| Untracked 
|  16|0x0000000081000000, 0x0000000081100000, 0x0000000081100000|100%|HS|  |TAMS 0x0000000081000000, 0x0000000081000000| Complete 
|  17|0x0000000081100000, 0x0000000081200000, 0x0000000081200000|100%|HC|  |TAMS 0x0000000081100000, 0x0000000081100000| Complete 
|  18|0x0000000081200000, 0x0000000081300000, 0x0000000081300000|100%|HS|  |TAMS 0x0000000081200000, 0x0000000081200000| Complete 
|  19|0x0000000081300000, 0x0000000081400000, 0x0000000081400000|100%|HC|  |TAMS 0x0000000081300000, 0x0000000081300000| Complete 
|  20|0x0000000081400000, 0x0000000081500000, 0x0000000081500000|100%|HC|  |TAMS 0x0000000081400000, 0x0000000081400000| Complete 
|  21|0x0000000081500000, 0x0000000081500000, 0x0000000081600000|  0%| F|  |TAMS 0x0000000081500000, 0x0000000081500000| Untracked 
|  22|0x0000000081600000, 0x0000000081600000, 0x0000000081700000|  0%| F|  |TAMS 0x0000000081600000, 0x0000000081600000| Untracked 
|  23|0x0000000081700000, 0x0000000081700000, 0x0000000081800000|  0%| F|  |TAMS 0x0000000081700000, 0x0000000081700000| Untracked 
|  24|0x0000000081800000, 0x0000000081800000, 0x0000000081900000|  0%| F|  |TAMS 0x0000000081800000, 0x0000000081800000| Untracked 
|  25|0x0000000081900000, 0x0000000081900000, 0x0000000081a00000|  0%| F|  |TAMS 0x0000000081900000, 0x0000000081900000| Untracked 
|  26|0x0000000081a00000, 0x0000000081a00000, 0x0000000081b00000|  0%| F|  |TAMS 0x0000000081a00000, 0x0000000081a00000| Untracked 
|  27|0x0000000081b00000, 0x0000000081b00000, 0x0000000081c00000|  0%| F|  |TAMS 0x0000000081b00000, 0x0000000081b00000| Untracked 
|  28|0x0000000081c00000, 0x0000000081c00000, 0x0000000081d00000|  0%| F|  |TAMS 0x0000000081c00000, 0x0000000081c00000| Untracked 
|  29|0x0000000081d00000, 0x0000000081d00000, 0x0000000081e00000|  0%| F|  |TAMS 0x0000000081d00000, 0x0000000081d00000| Untracked 
|  30|0x0000000081e00000, 0x0000000081e00000, 0x0000000081f00000|  0%| F|  |TAMS 0x0000000081e00000, 0x0000000081e00000| Untracked 
|  31|0x0000000081f00000, 0x0000000081f00000, 0x0000000082000000|  0%| F|  |TAMS 0x0000000081f00000, 0x0000000081f00000| Untracked 
|  32|0x0000000082000000, 0x0000000082000000, 0x0000000082100000|  0%| F|  |TAMS 0x0000000082000000, 0x0000000082000000| Untracked 
|  33|0x0000000082100000, 0x0000000082100000, 0x0000000082200000|  0%| F|  |TAMS 0x0000000082100000, 0x0000000082100000| Untracked 
|  34|0x0000000082200000, 0x0000000082200000, 0x0000000082300000|  0%| F|  |TAMS 0x0000000082200000, 0x0000000082200000| Untracked 
|  35|0x0000000082300000, 0x0000000082300000, 0x0000000082400000|  0%| F|  |TAMS 0x0000000082300000, 0x0000000082300000| Untracked 
|  36|0x0000000082400000, 0x0000000082400000, 0x0000000082500000|  0%| F|  |TAMS 0x0000000082400000, 0x0000000082400000| Untracked 
|  37|0x0000000082500000, 0x0000000082500000, 0x0000000082600000|  0%| F|  |TAMS 0x0000000082500000, 0x0000000082500000| Untracked 
|  38|0x0000000082600000, 0x0000000082600000, 0x0000000082700000|  0%| F|  |TAMS 0x0000000082600000, 0x0000000082600000| Untracked 
|  39|0x0000000082700000, 0x0000000082700000, 0x0000000082800000|  0%| F|  |TAMS 0x0000000082700000, 0x0000000082700000| Untracked 
|  40|0x0000000082800000, 0x0000000082800000, 0x0000000082900000|  0%| F|  |TAMS 0x0000000082800000, 0x0000000082800000| Untracked 
|  41|0x0000000082900000, 0x0000000082900000, 0x0000000082a00000|  0%| F|  |TAMS 0x0000000082900000, 0x0000000082900000| Untracked 
|  42|0x0000000082a00000, 0x0000000082a00000, 0x0000000082b00000|  0%| F|  |TAMS 0x0000000082a00000, 0x0000000082a00000| Untracked 
|  43|0x0000000082b00000, 0x0000000082b00000, 0x0000000082c00000|  0%| F|  |TAMS 0x0000000082b00000, 0x0000000082b00000| Untracked 
|  44|0x0000000082c00000, 0x0000000082c00000, 0x0000000082d00000|  0%| F|  |TAMS 0x0000000082c00000, 0x0000000082c00000| Untracked 
|  45|0x0000000082d00000, 0x0000000082d00000, 0x0000000082e00000|  0%| F|  |TAMS 0x0000000082d00000, 0x0000000082d00000| Untracked 
|  46|0x0000000082e00000, 0x0000000082e00000, 0x0000000082f00000|  0%| F|  |TAMS 0x0000000082e00000, 0x0000000082e00000| Untracked 
|  47|0x0000000082f00000, 0x0000000082f00000, 0x0000000083000000|  0%| F|  |TAMS 0x0000000082f00000, 0x0000000082f00000| Untracked 
|  48|0x0000000083000000, 0x0000000083000000, 0x0000000083100000|  0%| F|  |TAMS 0x0000000083000000, 0x0000000083000000| Untracked 
|  49|0x0000000083100000, 0x0000000083100000, 0x0000000083200000|  0%| F|  |TAMS 0x0000000083100000, 0x0000000083100000| Untracked 
|  50|0x0000000083200000, 0x0000000083200000, 0x0000000083300000|  0%| F|  |TAMS 0x0000000083200000, 0x0000000083200000| Untracked 
|  51|0x0000000083300000, 0x0000000083300000, 0x0000000083400000|  0%| F|  |TAMS 0x0000000083300000, 0x0000000083300000| Untracked 
|  52|0x0000000083400000, 0x0000000083400000, 0x0000000083500000|  0%| F|  |TAMS 0x0000000083400000, 0x0000000083400000| Untracked 
|  53|0x0000000083500000, 0x0000000083500000, 0x0000000083600000|  0%| F|  |TAMS 0x0000000083500000, 0x0000000083500000| Untracked 
|  54|0x0000000083600000, 0x0000000083600000, 0x0000000083700000|  0%| F|  |TAMS 0x0000000083600000, 0x0000000083600000| Untracked 
|  55|0x0000000083700000, 0x0000000083700000, 0x0000000083800000|  0%| F|  |TAMS 0x0000000083700000, 0x0000000083700000| Untracked 
|  56|0x0000000083800000, 0x0000000083800000, 0x0000000083900000|  0%| F|  |TAMS 0x0000000083800000, 0x0000000083800000| Untracked 
|  57|0x0000000083900000, 0x0000000083900000, 0x0000000083a00000|  0%| F|  |TAMS 0x0000000083900000, 0x0000000083900000| Untracked 
|  58|0x0000000083a00000, 0x0000000083a00000, 0x0000000083b00000|  0%| F|  |TAMS 0x0000000083a00000, 0x0000000083a00000| Untracked 
|  59|0x0000000083b00000, 0x0000000083b00000, 0x0000000083c00000|  0%| F|  |TAMS 0x0000000083b00000, 0x0000000083b00000| Untracked 
|  60|0x0000000083c00000, 0x0000000083c00000, 0x0000000083d00000|  0%| F|  |TAMS 0x0000000083c00000, 0x0000000083c00000| Untracked 
|  61|0x0000000083d00000, 0x0000000083d00000, 0x0000000083e00000|  0%| F|  |TAMS 0x0000000083d00000, 0x0000000083d00000| Untracked 
|  62|0x0000000083e00000, 0x0000000083e00000, 0x0000000083f00000|  0%| F|  |TAMS 0x0000000083e00000, 0x0000000083e00000| Untracked 
|  63|0x0000000083f00000, 0x0000000083f00000, 0x0000000084000000|  0%| F|  |TAMS 0x0000000083f00000, 0x0000000083f00000| Untracked 
|  64|0x0000000084000000, 0x0000000084000000, 0x0000000084100000|  0%| F|  |TAMS 0x0000000084000000, 0x0000000084000000| Untracked 
|  65|0x0000000084100000, 0x0000000084100000, 0x0000000084200000|  0%| F|  |TAMS 0x0000000084100000, 0x0000000084100000| Untracked 
|  66|0x0000000084200000, 0x0000000084200000, 0x0000000084300000|  0%| F|  |TAMS 0x0000000084200000, 0x0000000084200000| Untracked 
|  67|0x0000000084300000, 0x0000000084300000, 0x0000000084400000|  0%| F|  |TAMS 0x0000000084300000, 0x0000000084300000| Untracked 
|  68|0x0000000084400000, 0x0000000084400000, 0x0000000084500000|  0%| F|  |TAMS 0x0000000084400000, 0x0000000084400000| Untracked 
|  69|0x0000000084500000, 0x0000000084500000, 0x0000000084600000|  0%| F|  |TAMS 0x0000000084500000, 0x0000000084500000| Untracked 
|  70|0x0000000084600000, 0x0000000084600000, 0x0000000084700000|  0%| F|  |TAMS 0x0000000084600000, 0x0000000084600000| Untracked 
|  71|0x0000000084700000, 0x0000000084700000, 0x0000000084800000|  0%| F|  |TAMS 0x0000000084700000, 0x0000000084700000| Untracked 
|  72|0x0000000084800000, 0x0000000084800000, 0x0000000084900000|  0%| F|  |TAMS 0x0000000084800000, 0x0000000084800000| Untracked 
|  73|0x0000000084900000, 0x00000000849267d0, 0x0000000084a00000| 15%| S|CS|TAMS 0x0000000084900000, 0x0000000084900000| Complete 
|  74|0x0000000084a00000, 0x0000000084b00000, 0x0000000084b00000|100%| S|CS|TAMS 0x0000000084a00000, 0x0000000084a00000| Complete 
|  75|0x0000000084b00000, 0x0000000084c00000, 0x0000000084c00000|100%| S|CS|TAMS 0x0000000084b00000, 0x0000000084b00000| Complete 
|  76|0x0000000084c00000, 0x0000000084d00000, 0x0000000084d00000|100%| S|CS|TAMS 0x0000000084c00000, 0x0000000084c00000| Complete 
|  77|0x0000000084d00000, 0x0000000084d00000, 0x0000000084e00000|  0%| F|  |TAMS 0x0000000084d00000, 0x0000000084d00000| Untracked 
|  78|0x0000000084e00000, 0x0000000084e00000, 0x0000000084f00000|  0%| F|  |TAMS 0x0000000084e00000, 0x0000000084e00000| Untracked 
|  79|0x0000000084f00000, 0x0000000084f00000, 0x0000000085000000|  0%| F|  |TAMS 0x0000000084f00000, 0x0000000084f00000| Untracked 
|  80|0x0000000085000000, 0x0000000085000000, 0x0000000085100000|  0%| F|  |TAMS 0x0000000085000000, 0x0000000085000000| Untracked 
|  81|0x0000000085100000, 0x0000000085100000, 0x0000000085200000|  0%| F|  |TAMS 0x0000000085100000, 0x0000000085100000| Untracked 
|  82|0x0000000085200000, 0x0000000085200000, 0x0000000085300000|  0%| F|  |TAMS 0x0000000085200000, 0x0000000085200000| Untracked 
|  83|0x0000000085300000, 0x0000000085300000, 0x0000000085400000|  0%| F|  |TAMS 0x0000000085300000, 0x0000000085300000| Untracked 
|  84|0x0000000085400000, 0x0000000085400000, 0x0000000085500000|  0%| F|  |TAMS 0x0000000085400000, 0x0000000085400000| Untracked 
|  85|0x0000000085500000, 0x0000000085500000, 0x0000000085600000|  0%| F|  |TAMS 0x0000000085500000, 0x0000000085500000| Untracked 
|  86|0x0000000085600000, 0x0000000085600000, 0x0000000085700000|  0%| F|  |TAMS 0x0000000085600000, 0x0000000085600000| Untracked 
|  87|0x0000000085700000, 0x0000000085700000, 0x0000000085800000|  0%| F|  |TAMS 0x0000000085700000, 0x0000000085700000| Untracked 
|  88|0x0000000085800000, 0x0000000085800000, 0x0000000085900000|  0%| F|  |TAMS 0x0000000085800000, 0x0000000085800000| Untracked 
|  89|0x0000000085900000, 0x0000000085900000, 0x0000000085a00000|  0%| F|  |TAMS 0x0000000085900000, 0x0000000085900000| Untracked 
|  90|0x0000000085a00000, 0x0000000085a00000, 0x0000000085b00000|  0%| F|  |TAMS 0x0000000085a00000, 0x0000000085a00000| Untracked 
|  91|0x0000000085b00000, 0x0000000085b00000, 0x0000000085c00000|  0%| F|  |TAMS 0x0000000085b00000, 0x0000000085b00000| Untracked 
|  92|0x0000000085c00000, 0x0000000085c00000, 0x0000000085d00000|  0%| F|  |TAMS 0x0000000085c00000, 0x0000000085c00000| Untracked 
|  93|0x0000000085d00000, 0x0000000085d00000, 0x0000000085e00000|  0%| F|  |TAMS 0x0000000085d00000, 0x0000000085d00000| Untracked 
|  94|0x0000000085e00000, 0x0000000085e00000, 0x0000000085f00000|  0%| F|  |TAMS 0x0000000085e00000, 0x0000000085e00000| Untracked 
|  95|0x0000000085f00000, 0x0000000085f00000, 0x0000000086000000|  0%| F|  |TAMS 0x0000000085f00000, 0x0000000085f00000| Untracked 
|  96|0x0000000086000000, 0x0000000086000000, 0x0000000086100000|  0%| F|  |TAMS 0x0000000086000000, 0x0000000086000000| Untracked 
|  97|0x0000000086100000, 0x0000000086100000, 0x0000000086200000|  0%| F|  |TAMS 0x0000000086100000, 0x0000000086100000| Untracked 
|  98|0x0000000086200000, 0x0000000086200000, 0x0000000086300000|  0%| F|  |TAMS 0x0000000086200000, 0x0000000086200000| Untracked 
|  99|0x0000000086300000, 0x0000000086300000, 0x0000000086400000|  0%| F|  |TAMS 0x0000000086300000, 0x0000000086300000| Untracked 
| 100|0x0000000086400000, 0x0000000086400000, 0x0000000086500000|  0%| F|  |TAMS 0x0000000086400000, 0x0000000086400000| Untracked 
| 101|0x0000000086500000, 0x0000000086500000, 0x0000000086600000|  0%| F|  |TAMS 0x0000000086500000, 0x0000000086500000| Untracked 
| 102|0x0000000086600000, 0x0000000086600000, 0x0000000086700000|  0%| F|  |TAMS 0x0000000086600000, 0x0000000086600000| Untracked 
| 103|0x0000000086700000, 0x0000000086700000, 0x0000000086800000|  0%| F|  |TAMS 0x0000000086700000, 0x0000000086700000| Untracked 
| 104|0x0000000086800000, 0x0000000086800000, 0x0000000086900000|  0%| F|  |TAMS 0x0000000086800000, 0x0000000086800000| Untracked 
| 105|0x0000000086900000, 0x0000000086900000, 0x0000000086a00000|  0%| F|  |TAMS 0x0000000086900000, 0x0000000086900000| Untracked 
| 106|0x0000000086a00000, 0x0000000086a00000, 0x0000000086b00000|  0%| F|  |TAMS 0x0000000086a00000, 0x0000000086a00000| Untracked 
| 107|0x0000000086b00000, 0x0000000086b00000, 0x0000000086c00000|  0%| F|  |TAMS 0x0000000086b00000, 0x0000000086b00000| Untracked 
| 108|0x0000000086c00000, 0x0000000086c00000, 0x0000000086d00000|  0%| F|  |TAMS 0x0000000086c00000, 0x0000000086c00000| Untracked 
| 109|0x0000000086d00000, 0x0000000086d00000, 0x0000000086e00000|  0%| F|  |TAMS 0x0000000086d00000, 0x0000000086d00000| Untracked 
| 110|0x0000000086e00000, 0x0000000086e00000, 0x0000000086f00000|  0%| F|  |TAMS 0x0000000086e00000, 0x0000000086e00000| Untracked 
| 111|0x0000000086f00000, 0x0000000086f00000, 0x0000000087000000|  0%| F|  |TAMS 0x0000000086f00000, 0x0000000086f00000| Untracked 
| 112|0x0000000087000000, 0x0000000087000000, 0x0000000087100000|  0%| F|  |TAMS 0x0000000087000000, 0x0000000087000000| Untracked 
| 113|0x0000000087100000, 0x0000000087100000, 0x0000000087200000|  0%| F|  |TAMS 0x0000000087100000, 0x0000000087100000| Untracked 
| 114|0x0000000087200000, 0x0000000087200000, 0x0000000087300000|  0%| F|  |TAMS 0x0000000087200000, 0x0000000087200000| Untracked 
| 115|0x0000000087300000, 0x0000000087300000, 0x0000000087400000|  0%| F|  |TAMS 0x0000000087300000, 0x0000000087300000| Untracked 
| 116|0x0000000087400000, 0x0000000087400000, 0x0000000087500000|  0%| F|  |TAMS 0x0000000087400000, 0x0000000087400000| Untracked 
| 117|0x0000000087500000, 0x0000000087500000, 0x0000000087600000|  0%| F|  |TAMS 0x0000000087500000, 0x0000000087500000| Untracked 
| 118|0x0000000087600000, 0x0000000087600000, 0x0000000087700000|  0%| F|  |TAMS 0x0000000087600000, 0x0000000087600000| Untracked 
| 119|0x0000000087700000, 0x0000000087700000, 0x0000000087800000|  0%| F|  |TAMS 0x0000000087700000, 0x0000000087700000| Untracked 
| 120|0x0000000087800000, 0x0000000087800000, 0x0000000087900000|  0%| F|  |TAMS 0x0000000087800000, 0x0000000087800000| Untracked 
| 121|0x0000000087900000, 0x0000000087900000, 0x0000000087a00000|  0%| F|  |TAMS 0x0000000087900000, 0x0000000087900000| Untracked 
| 122|0x0000000087a00000, 0x0000000087a00000, 0x0000000087b00000|  0%| F|  |TAMS 0x0000000087a00000, 0x0000000087a00000| Untracked 
| 123|0x0000000087b00000, 0x0000000087b00000, 0x0000000087c00000|  0%| F|  |TAMS 0x0000000087b00000, 0x0000000087b00000| Untracked 
| 124|0x0000000087c00000, 0x0000000087c00000, 0x0000000087d00000|  0%| F|  |TAMS 0x0000000087c00000, 0x0000000087c00000| Untracked 
| 125|0x0000000087d00000, 0x0000000087d00000, 0x0000000087e00000|  0%| F|  |TAMS 0x0000000087d00000, 0x0000000087d00000| Untracked 
| 126|0x0000000087e00000, 0x0000000087e00000, 0x0000000087f00000|  0%| F|  |TAMS 0x0000000087e00000, 0x0000000087e00000| Untracked 
| 127|0x0000000087f00000, 0x0000000087f00000, 0x0000000088000000|  0%| F|  |TAMS 0x0000000087f00000, 0x0000000087f00000| Untracked 
| 128|0x0000000088000000, 0x0000000088000000, 0x0000000088100000|  0%| F|  |TAMS 0x0000000088000000, 0x0000000088000000| Untracked 
| 129|0x0000000088100000, 0x0000000088100000, 0x0000000088200000|  0%| F|  |TAMS 0x0000000088100000, 0x0000000088100000| Untracked 
| 130|0x0000000088200000, 0x0000000088200000, 0x0000000088300000|  0%| F|  |TAMS 0x0000000088200000, 0x0000000088200000| Untracked 
| 131|0x0000000088300000, 0x0000000088300000, 0x0000000088400000|  0%| F|  |TAMS 0x0000000088300000, 0x0000000088300000| Untracked 
| 132|0x0000000088400000, 0x0000000088400000, 0x0000000088500000|  0%| F|  |TAMS 0x0000000088400000, 0x0000000088400000| Untracked 
| 133|0x0000000088500000, 0x0000000088500000, 0x0000000088600000|  0%| F|  |TAMS 0x0000000088500000, 0x0000000088500000| Untracked 
| 134|0x0000000088600000, 0x0000000088600000, 0x0000000088700000|  0%| F|  |TAMS 0x0000000088600000, 0x0000000088600000| Untracked 
| 135|0x0000000088700000, 0x0000000088700000, 0x0000000088800000|  0%| F|  |TAMS 0x0000000088700000, 0x0000000088700000| Untracked 
| 136|0x0000000088800000, 0x0000000088800000, 0x0000000088900000|  0%| F|  |TAMS 0x0000000088800000, 0x0000000088800000| Untracked 
| 137|0x0000000088900000, 0x0000000088900000, 0x0000000088a00000|  0%| F|  |TAMS 0x0000000088900000, 0x0000000088900000| Untracked 
| 138|0x0000000088a00000, 0x0000000088a00000, 0x0000000088b00000|  0%| F|  |TAMS 0x0000000088a00000, 0x0000000088a00000| Untracked 
| 139|0x0000000088b00000, 0x0000000088b00000, 0x0000000088c00000|  0%| F|  |TAMS 0x0000000088b00000, 0x0000000088b00000| Untracked 
| 140|0x0000000088c00000, 0x0000000088c00000, 0x0000000088d00000|  0%| F|  |TAMS 0x0000000088c00000, 0x0000000088c00000| Untracked 
| 141|0x0000000088d00000, 0x0000000088d00000, 0x0000000088e00000|  0%| F|  |TAMS 0x0000000088d00000, 0x0000000088d00000| Untracked 
| 142|0x0000000088e00000, 0x0000000088e00000, 0x0000000088f00000|  0%| F|  |TAMS 0x0000000088e00000, 0x0000000088e00000| Untracked 
| 143|0x0000000088f00000, 0x0000000088f4e6c0, 0x0000000089000000| 30%| E|  |TAMS 0x0000000088f00000, 0x0000000088f00000| Complete 
| 144|0x0000000089000000, 0x00000000890bf7a8, 0x0000000089100000| 74%| E|  |TAMS 0x0000000089000000, 0x0000000089000000| Complete 
| 145|0x0000000089100000, 0x0000000089200000, 0x0000000089200000|100%| E|CS|TAMS 0x0000000089100000, 0x0000000089100000| Complete 
| 146|0x0000000089200000, 0x0000000089300000, 0x0000000089300000|100%| E|CS|TAMS 0x0000000089200000, 0x0000000089200000| Complete 
| 147|0x0000000089300000, 0x0000000089400000, 0x0000000089400000|100%| E|CS|TAMS 0x0000000089300000, 0x0000000089300000| Complete 
| 148|0x0000000089400000, 0x0000000089500000, 0x0000000089500000|100%| E|CS|TAMS 0x0000000089400000, 0x0000000089400000| Complete 
| 149|0x0000000089500000, 0x0000000089600000, 0x0000000089600000|100%| E|CS|TAMS 0x0000000089500000, 0x0000000089500000| Complete 
| 150|0x0000000089600000, 0x0000000089700000, 0x0000000089700000|100%| E|CS|TAMS 0x0000000089600000, 0x0000000089600000| Complete 
| 151|0x0000000089700000, 0x0000000089800000, 0x0000000089800000|100%| E|CS|TAMS 0x0000000089700000, 0x0000000089700000| Complete 
| 152|0x0000000089800000, 0x0000000089900000, 0x0000000089900000|100%| E|CS|TAMS 0x0000000089800000, 0x0000000089800000| Complete 
| 153|0x0000000089900000, 0x0000000089a00000, 0x0000000089a00000|100%| E|CS|TAMS 0x0000000089900000, 0x0000000089900000| Complete 

Card table byte_map: [0x0000027d9af30000,0x0000027d9b330000] _byte_map_base: 0x0000027d9ab30000

Marking Bits (Prev, Next): (CMBitMap*) 0x0000027d880506f0, (CMBitMap*) 0x0000027d880506b8
 Prev Bits: [0x0000027d9d730000, 0x0000027d9f730000)
 Next Bits: [0x0000027d9b730000, 0x0000027d9d730000)

Polling page: 0x0000027d85e70000

Metaspace:

Usage:
  Non-class:     23.42 MB capacity,    22.91 MB ( 98%) used,   472.18 KB (  2%) free+waste,    58.56 KB ( <1%) overhead. 
      Class:      3.71 MB capacity,     3.44 MB ( 93%) used,   250.19 KB (  7%) free+waste,    29.81 KB ( <1%) overhead. 
       Both:     27.13 MB capacity,    26.34 MB ( 97%) used,   722.37 KB (  3%) free+waste,    88.38 KB ( <1%) overhead. 

Virtual space:
  Non-class space:       24.00 MB reserved,      23.67 MB ( 99%) committed 
      Class space:        1.00 GB reserved,       3.75 MB ( <1%) committed 
             Both:        1.02 GB reserved,      27.42 MB (  3%) committed 

Chunk freelists:
   Non-Class:  62.00 KB
       Class:  8.00 KB
        Both:  70.00 KB

MaxMetaspaceSize: 17179869184.00 GB
CompressedClassSpaceSize: 1.00 GB
Initial GC threshold: 20.80 MB
Current GC threshold: 34.87 MB
CDS: off

CodeHeap 'non-profiled nmethods': size=120064Kb used=1126Kb max_used=1126Kb free=118937Kb
 bounds [0x0000027d935f0000, 0x0000027d93860000, 0x0000027d9ab30000]
CodeHeap 'profiled nmethods': size=120000Kb used=5157Kb max_used=5157Kb free=114843Kb
 bounds [0x0000027d8c0c0000, 0x0000027d8c5d0000, 0x0000027d935f0000]
CodeHeap 'non-nmethods': size=5696Kb used=1227Kb max_used=1257Kb free=4468Kb
 bounds [0x0000027d8bb30000, 0x0000027d8bda0000, 0x0000027d8c0c0000]
 total_blobs=2859 nmethods=2357 adapters=414
 compilation: enabled
              stopped_count=0, restarted_count=0
 full_count=0

Compilation events (20 events):
Event: 4.620 Thread 0x0000027da1c4d800 nmethod 2322 0x0000027d8c5ad510 code [0x0000027d8c5ad6e0, 0x0000027d8c5ad8d8]
Event: 4.620 Thread 0x0000027da1c4d800 2323       1       org.gradle.internal.snapshot.ChildMap$Entry::getPath (5 bytes)
Event: 4.620 Thread 0x0000027da1c4d800 nmethod 2323 0x0000027d93707a10 code [0x0000027d93707bc0, 0x0000027d93707c78]
Event: 4.620 Thread 0x0000027da1c4d800 2324       3       java.util.concurrent.locks.LockSupport::setBlocker (12 bytes)
Event: 4.620 Thread 0x0000027da1c4d800 nmethod 2324 0x0000027d8c5ada10 code [0x0000027d8c5adbc0, 0x0000027d8c5adcf8]
Event: 4.621 Thread 0x0000027da1c4d800 2325       3       java.util.Optional::of (9 bytes)
Event: 4.621 Thread 0x0000027da1c4d800 nmethod 2325 0x0000027d8c5add90 code [0x0000027d8c5adf80, 0x0000027d8c5ae328]
Event: 4.621 Thread 0x0000027da1c4d800 2326       3       java.util.Optional::<init> (13 bytes)
Event: 4.621 Thread 0x0000027da1c4d800 nmethod 2326 0x0000027d8c5ae490 code [0x0000027d8c5ae660, 0x0000027d8c5ae968]
Event: 4.621 Thread 0x0000027da1c4d800 2327       1       com.google.common.cache.LocalCache$StrongEntry::getValueReference (5 bytes)
Event: 4.622 Thread 0x0000027da1c4d800 nmethod 2327 0x0000027d93707d10 code [0x0000027d93707ec0, 0x0000027d93707f78]
Event: 4.622 Thread 0x0000027da1c4d800 2328       3       java.util.concurrent.locks.ReentrantLock$Sync::isHeldExclusively (16 bytes)
Event: 4.622 Thread 0x0000027da1c4d800 nmethod 2328 0x0000027d8c5aea90 code [0x0000027d8c5aec40, 0x0000027d8c5aedd8]
Event: 4.622 Thread 0x0000027da1c4d800 2329       1       com.google.common.cache.LocalCache$StrongEntry::getHash (5 bytes)
Event: 4.622 Thread 0x0000027da1c4d800 nmethod 2329 0x0000027d93708010 code [0x0000027d937081c0, 0x0000027d93708278]
Event: 4.622 Thread 0x0000027da1c4d800 2330       3       org.gradle.internal.snapshot.PathUtil::compareCharsIgnoringCase (46 bytes)
Event: 4.623 Thread 0x0000027da1c4d800 nmethod 2330 0x0000027d8c5aee90 code [0x0000027d8c5af080, 0x0000027d8c5af5a8]
Event: 4.623 Thread 0x0000027da1c4d800 2332       3       org.gradle.internal.snapshot.VfsRelativePath::hasPrefix (114 bytes)
Event: 4.625 Thread 0x0000027da1c4d800 nmethod 2332 0x0000027d8c5af690 code [0x0000027d8c5af9e0, 0x0000027d8c5b0ec8]
Event: 4.625 Thread 0x0000027da1c4d800 2333       3       java.util.concurrent.ConcurrentLinkedQueue::poll (84 bytes)

GC Heap History (12 events):
Event: 0.516 GC heap before
{Heap before GC invocations=0 (full 0):
 garbage-first heap   total 131072K, used 16384K [0x0000000080000000, 0x0000000100000000)
  region size 1024K, 14 young (14336K), 0 survivors (0K)
 Metaspace       used 6727K, capacity 6925K, committed 7168K, reserved 1056768K
  class space    used 572K, capacity 650K, committed 768K, reserved 1048576K
}
Event: 0.523 GC heap after
{Heap after GC invocations=1 (full 0):
 garbage-first heap   total 131072K, used 4261K [0x0000000080000000, 0x0000000100000000)
  region size 1024K, 2 young (2048K), 2 survivors (2048K)
 Metaspace       used 6727K, capacity 6925K, committed 7168K, reserved 1056768K
  class space    used 572K, capacity 650K, committed 768K, reserved 1048576K
}
Event: 0.902 GC heap before
{Heap before GC invocations=1 (full 0):
 garbage-first heap   total 131072K, used 18597K [0x0000000080000000, 0x0000000100000000)
  region size 1024K, 13 young (13312K), 2 survivors (2048K)
 Metaspace       used 10243K, capacity 10555K, committed 10624K, reserved 1058816K
  class space    used 1053K, capacity 1141K, committed 1152K, reserved 1048576K
}
Event: 0.908 GC heap after
{Heap after GC invocations=2 (full 0):
 garbage-first heap   total 131072K, used 9516K [0x0000000080000000, 0x0000000100000000)
  region size 1024K, 2 young (2048K), 2 survivors (2048K)
 Metaspace       used 10243K, capacity 10555K, committed 10624K, reserved 1058816K
  class space    used 1053K, capacity 1141K, committed 1152K, reserved 1048576K
}
Event: 1.407 GC heap before
{Heap before GC invocations=2 (full 0):
 garbage-first heap   total 131072K, used 36140K [0x0000000080000000, 0x0000000100000000)
  region size 1024K, 28 young (28672K), 2 survivors (2048K)
 Metaspace       used 11248K, capacity 11510K, committed 11776K, reserved 1060864K
  class space    used 1155K, capacity 1246K, committed 1280K, reserved 1048576K
}
Event: 1.410 GC heap after
{Heap after GC invocations=3 (full 0):
 garbage-first heap   total 131072K, used 10188K [0x0000000080000000, 0x0000000100000000)
  region size 1024K, 3 young (3072K), 3 survivors (3072K)
 Metaspace       used 11248K, capacity 11510K, committed 11776K, reserved 1060864K
  class space    used 1155K, capacity 1246K, committed 1280K, reserved 1048576K
}
Event: 3.092 GC heap before
{Heap before GC invocations=3 (full 0):
 garbage-first heap   total 131072K, used 50124K [0x0000000080000000, 0x0000000100000000)
  region size 1024K, 42 young (43008K), 3 survivors (3072K)
 Metaspace       used 17002K, capacity 17439K, committed 17536K, reserved 1064960K
  class space    used 1943K, capacity 2085K, committed 2176K, reserved 1048576K
}
Event: 3.101 GC heap after
{Heap after GC invocations=4 (full 0):
 garbage-first heap   total 131072K, used 15799K [0x0000000080000000, 0x0000000100000000)
  region size 1024K, 6 young (6144K), 6 survivors (6144K)
 Metaspace       used 17002K, capacity 17439K, committed 17536K, reserved 1064960K
  class space    used 1943K, capacity 2085K, committed 2176K, reserved 1048576K
}
Event: 3.687 GC heap before
{Heap before GC invocations=4 (full 0):
 garbage-first heap   total 131072K, used 50615K [0x0000000080000000, 0x0000000100000000)
  region size 1024K, 41 young (41984K), 6 survivors (6144K)
 Metaspace       used 20693K, capacity 21154K, committed 21296K, reserved 1069056K
  class space    used 2515K, capacity 2665K, committed 2688K, reserved 1048576K
}
Event: 3.697 GC heap after
{Heap after GC invocations=5 (full 0):
 garbage-first heap   total 131072K, used 17625K [0x0000000080000000, 0x0000000100000000)
  region size 1024K, 2 young (2048K), 2 survivors (2048K)
 Metaspace       used 20693K, capacity 21154K, committed 21296K, reserved 1069056K
  class space    used 2515K, capacity 2665K, committed 2688K, reserved 1048576K
}
Event: 4.469 GC heap before
{Heap before GC invocations=6 (full 0):
 garbage-first heap   total 131072K, used 67801K [0x0000000080000000, 0x0000000100000000)
  region size 1024K, 51 young (52224K), 2 survivors (2048K)
 Metaspace       used 25852K, capacity 26525K, committed 26544K, reserved 1073152K
  class space    used 3336K, capacity 3567K, committed 3584K, reserved 1048576K
}
Event: 4.476 GC heap after
{Heap after GC invocations=7 (full 0):
 garbage-first heap   total 157696K, used 19348K [0x0000000080000000, 0x0000000100000000)
  region size 1024K, 4 young (4096K), 4 survivors (4096K)
 Metaspace       used 25852K, capacity 26525K, committed 26544K, reserved 1073152K
  class space    used 3336K, capacity 3567K, committed 3584K, reserved 1048576K
}

Deoptimization events (20 events):
Event: 3.736 Thread 0x0000027da39a8800 Uncommon trap: trap_request=0xffffff4d fr.pc=0x0000027d93662734 relative=0x0000000000000474
Event: 3.736 Thread 0x0000027da39a8800 Uncommon trap: reason=unstable_if action=reinterpret pc=0x0000027d93662734 method=java.lang.String.substring(I)Ljava/lang/String; @ 34 c2
Event: 3.736 Thread 0x0000027da39a8800 DEOPT PACKING pc=0x0000027d93662734 sp=0x000000abf48fb810
Event: 3.736 Thread 0x0000027da39a8800 DEOPT UNPACKING pc=0x0000027d8bb7a1af sp=0x000000abf48fb7e8 mode 2
Event: 3.909 Thread 0x0000027da39a8800 Uncommon trap: trap_request=0xffffff4d fr.pc=0x0000027d936d1c30 relative=0x00000000000003b0
Event: 3.909 Thread 0x0000027da39a8800 Uncommon trap: reason=unstable_if action=reinterpret pc=0x0000027d936d1c30 method=jdk.internal.org.objectweb.asm.Type.getArgumentsAndReturnSizes(Ljava/lang/String;)I @ 88 c2
Event: 3.909 Thread 0x0000027da39a8800 DEOPT PACKING pc=0x0000027d936d1c30 sp=0x000000abf48f9de0
Event: 3.909 Thread 0x0000027da39a8800 DEOPT UNPACKING pc=0x0000027d8bb7a1af sp=0x000000abf48f9d68 mode 2
Event: 4.158 Thread 0x0000027da39a8800 Uncommon trap: trap_request=0xffffff4d fr.pc=0x0000027d93643d7c relative=0x000000000000023c
Event: 4.158 Thread 0x0000027da39a8800 Uncommon trap: reason=unstable_if action=reinterpret pc=0x0000027d93643d7c method=java.util.concurrent.ConcurrentHashMap.get(Ljava/lang/Object;)Ljava/lang/Object; @ 76 c2
Event: 4.158 Thread 0x0000027da39a8800 DEOPT PACKING pc=0x0000027d93643d7c sp=0x000000abf48f8e70
Event: 4.158 Thread 0x0000027da39a8800 DEOPT UNPACKING pc=0x0000027d8bb7a1af sp=0x000000abf48f8dd8 mode 2
Event: 4.547 Thread 0x0000027da39a8800 Uncommon trap: trap_request=0xffffff4d fr.pc=0x0000027d93646364 relative=0x00000000000001a4
Event: 4.547 Thread 0x0000027da39a8800 Uncommon trap: reason=unstable_if action=reinterpret pc=0x0000027d93646364 method=java.net.URI.match(CJJ)Z @ 19 c2
Event: 4.547 Thread 0x0000027da39a8800 DEOPT PACKING pc=0x0000027d93646364 sp=0x000000abf48fbfd0
Event: 4.547 Thread 0x0000027da39a8800 DEOPT UNPACKING pc=0x0000027d8bb7a1af sp=0x000000abf48fbed0 mode 2
Event: 4.547 Thread 0x0000027da39a8800 Uncommon trap: trap_request=0xffffff4d fr.pc=0x0000027d93610ee8 relative=0x0000000000000048
Event: 4.547 Thread 0x0000027da39a8800 Uncommon trap: reason=unstable_if action=reinterpret pc=0x0000027d93610ee8 method=java.net.URI.match(CJJ)Z @ 19 c2
Event: 4.547 Thread 0x0000027da39a8800 DEOPT PACKING pc=0x0000027d93610ee8 sp=0x000000abf48fbf10
Event: 4.547 Thread 0x0000027da39a8800 DEOPT UNPACKING pc=0x0000027d8bb7a1af sp=0x000000abf48fbec0 mode 2

Classes redefined (0 events):
No events

Internal exceptions (20 events):
Event: 3.625 Thread 0x0000027da39a8800 Exception <a 'java/lang/NoSuchMethodError'{0x000000008601e178}: 'java.lang.Object java.lang.invoke.Invokers$Holder.linkToTargetMethod(java.lang.Object, java.lang.Object, int, java.lang.Object)'> (0x000000008601e178) thrown at [./src/hotspot/share/interpreter/linkResolver.cpp, line 773]
Event: 3.815 Thread 0x0000027da39a8800 Exception <a 'java/lang/NoSuchMethodError'{0x0000000087cad320}: 'int java.lang.invoke.DirectMethodHandle$Holder.invokeSpecialIFC(java.lang.Object, java.lang.Object, java.lang.Object, java.lang.Object)'> (0x0000000087cad320) thrown at [./src/hotspot/share/interpreter/linkResolver.cpp, line 773]
Event: 3.818 Thread 0x0000027da39a8800 Exception <a 'java/lang/NoSuchMethodError'{0x0000000087cbb2d8}: 'java.lang.Object java.lang.invoke.DirectMethodHandle$Holder.invokeInterface(java.lang.Object, java.lang.Object, java.lang.Object)'> (0x0000000087cbb2d8) thrown at [./src/hotspot/share/interpreter/linkResolver.cpp, line 773]
Event: 3.818 Thread 0x0000027da39a8800 Exception <a 'java/lang/IncompatibleClassChangeError'{0x0000000087cbe7b0}: Found class java.lang.Object, but interface was expected> (0x0000000087cbe7b0) thrown at [./src/hotspot/share/interpreter/linkResolver.cpp, line 839]
Event: 3.966 Thread 0x0000027da39a8800 Exception <a 'java/lang/NoSuchMethodError'{0x00000000874136b8}: 'void java.lang.invoke.DirectMethodHandle$Holder.invokeSpecial(java.lang.Object, java.lang.Object, java.lang.Object, java.lang.Object, java.lang.Object)'> (0x00000000874136b8) thrown at [./src/hotspot/share/interpreter/linkResolver.cpp, line 773]
Event: 3.996 Thread 0x0000027da39a8800 Exception <a 'java/lang/NoSuchMethodError'{0x00000000872417d8}: 'java.lang.Object java.lang.invoke.DirectMethodHandle$Holder.invokeSpecial(java.lang.Object, java.lang.Object, java.lang.Object, java.lang.Object, java.lang.Object, java.lang.Object, java.lang.Object, java.lang.Object, java.lang.Object)'> (0x00000000872417d8) thrown at [./src/hotspot/share/interpreter/linkResolver.cpp, line 773]
Event: 4.102 Thread 0x0000027da39a8800 Exception <a 'java/lang/NoSuchMethodError'{0x000000008689e038}: 'java.lang.Object java.lang.invoke.DirectMethodHandle$Holder.invokeVirtual(java.lang.Object, java.lang.Object, java.lang.Object, java.lang.Object)'> (0x000000008689e038) thrown at [./src/hotspot/share/interpreter/linkResolver.cpp, line 773]
Event: 4.199 Thread 0x0000027da39a8800 Exception <a 'java/lang/NoSuchMethodError'{0x0000000086114868}: 'void java.lang.invoke.DirectMethodHandle$Holder.invokeSpecial(java.lang.Object, java.lang.Object, java.lang.Object, java.lang.Object, java.lang.Object, java.lang.Object)'> (0x0000000086114868) thrown at [./src/hotspot/share/interpreter/linkResolver.cpp, line 773]
Event: 4.209 Thread 0x0000027da39a8800 Exception <a 'java/lang/NoSuchMethodError'{0x0000000086183af0}: 'void java.lang.invoke.DirectMethodHandle$Holder.invokeSpecial(java.lang.Object, java.lang.Object, java.lang.Object, java.lang.Object, java.lang.Object, java.lang.Object, java.lang.Object)'> (0x0000000086183af0) thrown at [./src/hotspot/share/interpreter/linkResolver.cpp, line 773]
Event: 4.210 Thread 0x0000027da39a8800 Exception <a 'java/lang/NoSuchMethodError'{0x000000008618bfe0}: 'java.lang.Object java.lang.invoke.Invokers$Holder.linkToTargetMethod(java.lang.Object, java.lang.Object, java.lang.Object, java.lang.Object, java.lang.Object, java.lang.Object)'> (0x000000008618bfe0) thrown at [./src/hotspot/share/interpreter/linkResolver.cpp, line 773]
Event: 4.234 Thread 0x0000027da39a8800 Exception <a 'java/lang/NoSuchMethodError'{0x0000000085f56700}: 'java.lang.Object java.lang.invoke.DirectMethodHandle$Holder.invokeVirtual(java.lang.Object, java.lang.Object, java.lang.Object, java.lang.Object, java.lang.Object, java.lang.Object, java.lang.Object, java.lang.Object, java.lang.Object, java.lang.Object, java.lang.Object, java.lang.Object, java.lang.Object, java.lang.Object, java.lang.Object, java.lang.Object, java.lang.Object, java.lang.Object, java.lang.Object, java.lang.Object, java.lang.Ob
Event: 4.284 Thread 0x0000027da39a8800 Exception <a 'java/lang/NoSuchMethodError'{0x0000000085557f68}: 'int java.lang.invoke.DirectMethodHandle$Holder.invokeStaticInit(java.lang.Object, java.lang.Object, java.lang.Object)'> (0x0000000085557f68) thrown at [./src/hotspot/share/interpreter/linkResolver.cpp, line 773]
Event: 4.385 Thread 0x0000027da39a8800 Exception <a 'java/lang/NoSuchMethodError'{0x00000000851e7aa0}: 'void java.lang.invoke.DirectMethodHandle$Holder.invokeStaticInit(java.lang.Object, java.lang.Object)'> (0x00000000851e7aa0) thrown at [./src/hotspot/share/interpreter/linkResolver.cpp, line 773]
Event: 4.502 Thread 0x0000027da39a8800 Exception <a 'java/lang/NoSuchMethodError'{0x000000008987e858}: 'void java.lang.invoke.DirectMethodHandle$Holder.invokeStatic(java.lang.Object, java.lang.Object, java.lang.Object, java.lang.Object)'> (0x000000008987e858) thrown at [./src/hotspot/share/interpreter/linkResolver.cpp, line 773]
Event: 4.506 Thread 0x0000027da39a8800 Exception <a 'java/lang/NoSuchMethodError'{0x000000008989dfc0}: 'int java.lang.invoke.DirectMethodHandle$Holder.invokeVirtual(java.lang.Object, java.lang.Object)'> (0x000000008989dfc0) thrown at [./src/hotspot/share/interpreter/linkResolver.cpp, line 773]
Event: 4.509 Thread 0x0000027da39a8800 Exception <a 'java/lang/NoSuchMethodError'{0x00000000898b6b30}: 'java.lang.Object java.lang.invoke.DirectMethodHandle$Holder.invokeVirtual(java.lang.Object, java.lang.Object, java.lang.Object)'> (0x00000000898b6b30) thrown at [./src/hotspot/share/interpreter/linkResolver.cpp, line 773]
Event: 4.515 Thread 0x0000027da39a8800 Exception <a 'java/lang/NoSuchMethodError'{0x00000000898e3020}: 'int java.lang.invoke.DirectMethodHandle$Holder.invokeVirtual(java.lang.Object, java.lang.Object, java.lang.Object)'> (0x00000000898e3020) thrown at [./src/hotspot/share/interpreter/linkResolver.cpp, line 773]
Event: 4.558 Thread 0x0000027da4961800 Exception <a 'java/lang/NoSuchMethodError'{0x000000008950a5a8}: 'void java.lang.invoke.DirectMethodHandle$Holder.invokeSpecial(java.lang.Object, java.lang.Object)'> (0x000000008950a5a8) thrown at [./src/hotspot/share/interpreter/linkResolver.cpp, line 773]
Event: 4.590 Thread 0x0000027da39a8800 Exception <a 'java/lang/NoSuchMethodError'{0x0000000089486c08}: 'java.lang.Object java.lang.invoke.DirectMethodHandle$Holder.invokeStatic(java.lang.Object, java.lang.Object, int, java.lang.Object)'> (0x0000000089486c08) thrown at [./src/hotspot/share/interpreter/linkResolver.cpp, line 773]
Event: 4.591 Thread 0x0000027da39a8800 Exception <a 'java/lang/NoSuchMethodError'{0x0000000089490b00}: 'java.lang.Object java.lang.invoke.Invokers$Holder.linkToTargetMethod(java.lang.Object, int, java.lang.Object, java.lang.Object)'> (0x0000000089490b00) thrown at [./src/hotspot/share/interpreter/linkResolver.cpp, line 773]

Events (20 events):
Event: 4.599 loading class org/gradle/internal/snapshot/VfsRelativePath
Event: 4.599 loading class org/gradle/internal/snapshot/VfsRelativePath done
Event: 4.599 loading class org/gradle/internal/snapshot/SearchUtil
Event: 4.599 loading class org/gradle/internal/snapshot/SearchUtil done
Event: 4.601 loading class org/gradle/internal/snapshot/AbstractListChildMap$2
Event: 4.601 loading class org/gradle/internal/snapshot/AbstractListChildMap$2 done
Event: 4.608 loading class org/gradle/internal/snapshot/MetadataSnapshot$1
Event: 4.608 loading class org/gradle/internal/snapshot/MetadataSnapshot$1 done
Event: 4.624 loading class org/gradle/internal/classpath/DefaultCachedClasspathTransformer
Event: 4.624 loading class org/gradle/internal/classpath/DefaultCachedClasspathTransformer done
Event: 4.624 Thread 0x0000027da4966800 Thread added: 0x0000027da4966800
Event: 4.625 Thread 0x0000027da4965000 Thread added: 0x0000027da4965000
Event: 4.625 Thread 0x0000027da4962800 Thread added: 0x0000027da4962800
Event: 4.625 Thread 0x0000027da4963000 Thread added: 0x0000027da4963000
Event: 4.625 loading class sun/nio/fs/WindowsPath$1
Event: 4.625 loading class sun/nio/fs/WindowsPath$1 done
Event: 4.625 loading class org/gradle/cache/internal/AsyncCacheAccessDecoratedCache
Event: 4.625 loading class org/gradle/cache/internal/AsyncCacheAccessDecoratedCache done
Event: 4.625 loading class org/gradle/cache/internal/AsyncCacheAccessDecoratedCache
Event: 4.625 loading class org/gradle/cache/internal/AsyncCacheAccessDecoratedCache done


Dynamic libraries:
0x00007ff7d2e20000 - 0x00007ff7d2e2a000 	C:\Program Files\Android\Android Studio\jre\bin\java.exe
0x00007ffdb1140000 - 0x00007ffdb1349000 	C:\windows\SYSTEM32\ntdll.dll
0x00007ffdafa60000 - 0x00007ffdafb1d000 	C:\windows\System32\KERNEL32.DLL
0x00007ffdae610000 - 0x00007ffdae98b000 	C:\windows\System32\KERNELBASE.dll
0x00007ffdaecf0000 - 0x00007ffdaee01000 	C:\windows\System32\ucrtbase.dll
0x00007ffda13f0000 - 0x00007ffda1407000 	C:\Program Files\Android\Android Studio\jre\bin\VCRUNTIME140.dll
0x00007ffd8d380000 - 0x00007ffd8d399000 	C:\Program Files\Android\Android Studio\jre\bin\jli.dll
0x00007ffdafec0000 - 0x00007ffdb006d000 	C:\windows\System32\USER32.dll
0x00007ffdae990000 - 0x00007ffdae9b6000 	C:\windows\System32\win32u.dll
0x00007ffd96b40000 - 0x00007ffd96de5000 	C:\windows\WinSxS\amd64_microsoft.windows.common-controls_6595b64144ccf1df_6.0.22000.120_none_9d947278b86cc467\COMCTL32.dll
0x00007ffdaf950000 - 0x00007ffdaf979000 	C:\windows\System32\GDI32.dll
0x00007ffdafc80000 - 0x00007ffdafd23000 	C:\windows\System32\msvcrt.dll
0x00007ffdaebd0000 - 0x00007ffdaece8000 	C:\windows\System32\gdi32full.dll
0x00007ffdaeb30000 - 0x00007ffdaebcd000 	C:\windows\System32\msvcp_win.dll
0x00007ffdafd50000 - 0x00007ffdafd81000 	C:\windows\System32\IMM32.DLL
0x00007ffd6de70000 - 0x00007ffd6df0d000 	C:\Program Files\Android\Android Studio\jre\bin\msvcp140.dll
0x00007ffd36f00000 - 0x00007ffd37a02000 	C:\Program Files\Android\Android Studio\jre\bin\server\jvm.dll
0x00007ffdaf350000 - 0x00007ffdaf3fe000 	C:\windows\System32\ADVAPI32.dll
0x00007ffdaefc0000 - 0x00007ffdaf05e000 	C:\windows\System32\sechost.dll
0x00007ffdafd90000 - 0x00007ffdafeb0000 	C:\windows\System32\RPCRT4.dll
0x00007ffdaf940000 - 0x00007ffdaf948000 	C:\windows\System32\PSAPI.DLL
0x00007ffd967b0000 - 0x00007ffd967b9000 	C:\windows\SYSTEM32\WSOCK32.dll
0x00007ffdafc10000 - 0x00007ffdafc7f000 	C:\windows\System32\WS2_32.dll
0x00007ffda97b0000 - 0x00007ffda97e3000 	C:\windows\SYSTEM32\WINMM.dll
0x00007ffda8110000 - 0x00007ffda811a000 	C:\windows\SYSTEM32\VERSION.dll
0x00007ffdad650000 - 0x00007ffdad668000 	C:\windows\SYSTEM32\kernel.appcore.dll
0x00007ffd7cc20000 - 0x00007ffd7cc31000 	C:\Program Files\Android\Android Studio\jre\bin\verify.dll
0x00007ffd9a210000 - 0x00007ffd9a431000 	C:\windows\SYSTEM32\DBGHELP.DLL
0x00007ffd9a150000 - 0x00007ffd9a181000 	C:\windows\SYSTEM32\dbgcore.DLL
0x00007ffdaee10000 - 0x00007ffdaee8f000 	C:\windows\System32\bcryptPrimitives.dll
0x00007ffd6dcd0000 - 0x00007ffd6dcf9000 	C:\Program Files\Android\Android Studio\jre\bin\java.dll
0x00007ffd89310000 - 0x00007ffd8931b000 	C:\Program Files\Android\Android Studio\jre\bin\jimage.dll
0x00007ffd7ca70000 - 0x00007ffd7ca88000 	C:\Program Files\Android\Android Studio\jre\bin\zip.dll
0x00007ffdb05c0000 - 0x00007ffdb0d78000 	C:\windows\System32\SHELL32.dll
0x00007ffdac6c0000 - 0x00007ffdacf25000 	C:\windows\SYSTEM32\windows.storage.dll
0x00007ffdb0d80000 - 0x00007ffdb10f7000 	C:\windows\System32\combase.dll
0x00007ffdac550000 - 0x00007ffdac6b6000 	C:\windows\SYSTEM32\wintypes.dll
0x00007ffdaf060000 - 0x00007ffdaf14a000 	C:\windows\System32\SHCORE.dll
0x00007ffdafbb0000 - 0x00007ffdafc0d000 	C:\windows\System32\shlwapi.dll
0x00007ffdae540000 - 0x00007ffdae561000 	C:\windows\SYSTEM32\profapi.dll
0x00007ffd7b830000 - 0x00007ffd7b84a000 	C:\Program Files\Android\Android Studio\jre\bin\net.dll
0x00007ffda7fe0000 - 0x00007ffda80ec000 	C:\windows\SYSTEM32\WINHTTP.dll
0x00007ffdadae0000 - 0x00007ffdadb47000 	C:\windows\system32\mswsock.dll
0x00007ffd7ac20000 - 0x00007ffd7ac34000 	C:\Program Files\Android\Android Studio\jre\bin\nio.dll
0x00007ffd35ea0000 - 0x00007ffd35ec7000 	C:\Users\Plays\.gradle\native\e1d6ef7f7dcc3fd88c89a11ec53ec762bb8ba0a96d01ffa2cd45eb1d1d8dd5c5\windows-amd64\native-platform.dll
0x00007ffd46bd0000 - 0x00007ffd46d14000 	C:\Users\Plays\.gradle\native\0d407fdbe67a94daf76414ababcb853783967236a71b16ec16e742cd7a986fd3\windows-amd64\native-platform-file-events.dll
0x00007ffd81820000 - 0x00007ffd8182a000 	C:\Program Files\Android\Android Studio\jre\bin\management.dll
0x00007ffd7bae0000 - 0x00007ffd7baed000 	C:\Program Files\Android\Android Studio\jre\bin\management_ext.dll
0x00007ffdaddc0000 - 0x00007ffdaddd8000 	C:\windows\SYSTEM32\CRYPTSP.dll
0x00007ffdad5b0000 - 0x00007ffdad5e5000 	C:\windows\system32\rsaenh.dll
0x00007ffdadb80000 - 0x00007ffdadba9000 	C:\windows\SYSTEM32\USERENV.dll
0x00007ffdadf70000 - 0x00007ffdadf97000 	C:\windows\SYSTEM32\bcrypt.dll
0x00007ffdadcd0000 - 0x00007ffdadcdc000 	C:\windows\SYSTEM32\CRYPTBASE.dll
0x00007ffdad180000 - 0x00007ffdad1ad000 	C:\windows\SYSTEM32\IPHLPAPI.DLL
0x00007ffdb0070000 - 0x00007ffdb0079000 	C:\windows\System32\NSI.dll
0x00007ffda8160000 - 0x00007ffda8179000 	C:\windows\SYSTEM32\dhcpcsvc6.DLL
0x00007ffda8740000 - 0x00007ffda875e000 	C:\windows\SYSTEM32\dhcpcsvc.DLL
0x00007ffdad1b0000 - 0x00007ffdad298000 	C:\windows\SYSTEM32\DNSAPI.dll

dbghelp: loaded successfully - version: 4.0.5 - missing functions: none
symbol engine: initialized successfully - sym options: 0x614 - pdb path: .;C:\Program Files\Android\Android Studio\jre\bin;C:\windows\SYSTEM32;C:\windows\WinSxS\amd64_microsoft.windows.common-controls_6595b64144ccf1df_6.0.22000.120_none_9d947278b86cc467;C:\Program Files\Android\Android Studio\jre\bin\server;C:\Users\Plays\.gradle\native\e1d6ef7f7dcc3fd88c89a11ec53ec762bb8ba0a96d01ffa2cd45eb1d1d8dd5c5\windows-amd64;C:\Users\Plays\.gradle\native\0d407fdbe67a94daf76414ababcb853783967236a71b16ec16e742cd7a986fd3\windows-amd64

VM Arguments:
jvm_args: --add-opens=java.base/java.util=ALL-UNNAMED --add-opens=java.base/java.lang=ALL-UNNAMED --add-opens=java.base/java.lang.invoke=ALL-UNNAMED --add-opens=java.base/java.util=ALL-UNNAMED --add-opens=java.prefs/java.util.prefs=ALL-UNNAMED --add-opens=java.prefs/java.util.prefs=ALL-UNNAMED --add-opens=java.base/java.nio.charset=ALL-UNNAMED --add-opens=java.base/java.net=ALL-UNNAMED --add-opens=java.base/java.util.concurrent.atomic=ALL-UNNAMED -Xmx2048m -Dfile.encoding=UTF-8 -Duser.country=MX -Duser.language=es -Duser.variant 
java_command: org.gradle.launcher.daemon.bootstrap.GradleDaemon 7.4
java_class_path (initial): C:\Users\Plays\.gradle\wrapper\dists\gradle-7.4-bin\c0gwcg53nkjbqw7r0h0umtfvt\gradle-7.4\lib\gradle-launcher-7.4.jar
Launcher Type: SUN_STANDARD

[Global flags]
     intx CICompilerCount                          = 3                                         {product} {ergonomic}
     uint ConcGCThreads                            = 1                                         {product} {ergonomic}
     uint G1ConcRefinementThreads                  = 4                                         {product} {ergonomic}
   size_t G1HeapRegionSize                         = 1048576                                   {product} {ergonomic}
    uintx GCDrainStackTargetSize                   = 64                                        {product} {ergonomic}
   size_t InitialHeapSize                          = 134217728                                 {product} {ergonomic}
   size_t MarkStackSize                            = 4194304                                   {product} {ergonomic}
   size_t MaxHeapSize                              = 2147483648                                {product} {command line}
   size_t MaxNewSize                               = 1287651328                                {product} {ergonomic}
   size_t MinHeapDeltaBytes                        = 1048576                                   {product} {ergonomic}
    uintx NonNMethodCodeHeapSize                   = 5830732                                {pd product} {ergonomic}
    uintx NonProfiledCodeHeapSize                  = 122913754                              {pd product} {ergonomic}
    uintx ProfiledCodeHeapSize                     = 122913754                              {pd product} {ergonomic}
    uintx ReservedCodeCacheSize                    = 251658240                              {pd product} {ergonomic}
     bool SegmentedCodeCache                       = true                                      {product} {ergonomic}
     bool UseCompressedClassPointers               = true                                 {lp64_product} {ergonomic}
     bool UseCompressedOops                        = true                                 {lp64_product} {ergonomic}
     bool UseG1GC                                  = true                                      {product} {ergonomic}
     bool UseLargePagesIndividualAllocation        = false                                  {pd product} {ergonomic}

Logging:
Log output configuration:
 #0: stdout all=warning uptime,level,tags
 #1: stderr all=off uptime,level,tags

Environment Variables:
PATH=C:\Program Files\Common Files\Oracle\Java\javapath;C:\Python310\Scripts\;C:\Python310\;C:\windows\system32;C:\windows;C:\windows\System32\Wbem;C:\windows\System32\WindowsPowerShell\v1.0\;C:\windows\System32\OpenSSH\;C:\Program Files\Git\cmd;C:\Program Files\nodejs\;C:\ProgramData\chocolatey\bin;C:\ProgramData\ComposerSetup\bin;C:\Users\Plays\AppData\Local\Microsoft\WindowsApps;C:\Users\Plays\AppData\Local\Programs\Microsoft VS Code\bin;C:\Program Files\JetBrains\IntelliJ IDEA Community Edition 2022.2.1\bin;;C:\MinGW\bin;C:\Users\Plays\AppData\Roaming\npm;C:\Archivos de programa\nodejs\;C:\php;C:\Users\Plays\AppData\Roaming\Composer\vendor\bin
USERNAME=Plays
OS=Windows_NT
PROCESSOR_IDENTIFIER=Intel64 Family 6 Model 142 Stepping 12, GenuineIntel



---------------  S Y S T E M  ---------------

OS: Windows 11 , 64 bit Build 22000 (10.0.22000.708)
OS uptime: 0 days 10:15 hours
Hyper-V role detected

CPU:total 4 (initial active 4) (2 cores per cpu, 2 threads per core) family 6 model 142 stepping 12 microcode 0xde, cmov, cx8, fxsr, mmx, sse, sse2, sse3, ssse3, sse4.1, sse4.2, popcnt, avx, avx2, aes, clmul, erms, 3dnowpref, lzcnt, ht, tsc, tscinvbit, bmi1, bmi2, adx, fma

Memory: 4k page, system-wide physical 8083M (1101M free)
TotalPageFile size 10515M (AvailPageFile size 2043M)
current process WorkingSet (physical memory assigned to process): 222M, peak: 222M
current process commit charge ("private bytes"): 322M, peak: 322M

vm_info: OpenJDK 64-Bit Server VM (11.0.13+0-b1751.21-8125866) for windows-amd64 JRE (11.0.13+0-b1751.21-8125866), built on Feb  2 2022 03:00:22 by "builder" with MS VC++ 14.0 (VS2015)

END.
